<?xml version="1.0" encoding="UTF-8"?>
<testng-results skipped="0" failed="1" ignored="0" total="1" passed="0">
  <reporter-output>
    <line>
      <![CDATA[Trying to fetch data from Excel file]]>
    </line>
    <line>
      <![CDATA[Trying to generate HTML reports]]>
    </line>
    <line>
      <![CDATA[HTML reports generated successfully]]>
    </line>
    <line>
      <![CDATA[Trying to initiate browser and loding URL]]>
    </line>
    <line>
      <![CDATA[Browser and URL is up and running]]>
    </line>
    <line>
      <![CDATA[Trying to capture screenshot on fail]]>
    </line>
    <line>
      <![CDATA[screenshot captured on fail]]>
    </line>
  </reporter-output>
  <suite name="Default suite" duration-ms="24515" started-at="2021-05-03T06:40:40Z" finished-at="2021-05-03T06:41:04Z">
    <groups>
    </groups>
    <test name="Default test" duration-ms="24515" started-at="2021-05-03T06:40:40Z" finished-at="2021-05-03T06:41:04Z">
      <class name="com.LTM.testcases.MyTestCase1">
        <test-method status="PASS" signature="dataProvider()[pri:0, instance:com.LTM.testcases.MyTestCase1@1d057a39]" name="dataProvider" is-config="true" duration-ms="1626" started-at="2021-05-03T12:10:38Z" finished-at="2021-05-03T12:10:40Z">
          <reporter-output>
            <line>
              <![CDATA[Trying to fetch data from Excel file]]>
            </line>
            <line>
              <![CDATA[Trying to generate HTML reports]]>
            </line>
            <line>
              <![CDATA[HTML reports generated successfully]]>
            </line>
          </reporter-output>
        </test-method> <!-- dataProvider -->
        <test-method status="PASS" signature="setupBrowser()[pri:0, instance:com.LTM.testcases.MyTestCase1@1d057a39]" name="setupBrowser" is-config="true" duration-ms="18174" started-at="2021-05-03T12:10:40Z" finished-at="2021-05-03T12:10:58Z">
          <reporter-output>
            <line>
              <![CDATA[Trying to initiate browser and loding URL]]>
            </line>
            <line>
              <![CDATA[Browser and URL is up and running]]>
            </line>
          </reporter-output>
        </test-method> <!-- setupBrowser -->
        <test-method status="FAIL" signature="LoginToApp()[pri:0, instance:com.LTM.testcases.MyTestCase1@1d057a39]" name="LoginToApp" duration-ms="3505" started-at="2021-05-03T12:10:58Z" finished-at="2021-05-03T12:11:02Z">
          <exception class="java.lang.AssertionError">
            <message>
              <![CDATA[expected [SSL-VPN Portal] but found [Proxy element for: DefaultElementLocator 'By.xpath: //h1[contains(text(),'SSL-VPN Portal')]']]]>
            </message>
            <full-stacktrace>
              <![CDATA[java.lang.AssertionError: expected [SSL-VPN Portal] but found [Proxy element for: DefaultElementLocator 'By.xpath: //h1[contains(text(),'SSL-VPN Portal')]']
	at org.testng.Assert.fail(Assert.java:93)
	at org.testng.Assert.failNotEquals(Assert.java:512)
	at org.testng.Assert.assertEqualsImpl(Assert.java:134)
	at org.testng.Assert.assertEquals(Assert.java:115)
	at org.testng.Assert.assertEquals(Assert.java:178)
	at com.LTM.pages.LoginPage.loginToApp(LoginPage.java:46)
	at com.LTM.testcases.MyTestCase1.LoginToApp(MyTestCase1.java:24)
	at sun.reflect.NativeMethodAccessorImpl.invoke0(Native Method)
	at sun.reflect.NativeMethodAccessorImpl.invoke(NativeMethodAccessorImpl.java:62)
	at sun.reflect.DelegatingMethodAccessorImpl.invoke(DelegatingMethodAccessorImpl.java:43)
	at java.lang.reflect.Method.invoke(Method.java:498)
	at org.testng.internal.MethodInvocationHelper.invokeMethod(MethodInvocationHelper.java:108)
	at org.testng.internal.Invoker.invokeMethod(Invoker.java:661)
	at org.testng.internal.Invoker.invokeTestMethod(Invoker.java:869)
	at org.testng.internal.Invoker.invokeTestMethods(Invoker.java:1193)
	at org.testng.internal.TestMethodWorker.invokeTestMethods(TestMethodWorker.java:126)
	at org.testng.internal.TestMethodWorker.run(TestMethodWorker.java:109)
	at org.testng.TestRunner.privateRun(TestRunner.java:744)
	at org.testng.TestRunner.run(TestRunner.java:602)
	at org.testng.SuiteRunner.runTest(SuiteRunner.java:380)
	at org.testng.SuiteRunner.runSequentially(SuiteRunner.java:375)
	at org.testng.SuiteRunner.privateRun(SuiteRunner.java:340)
	at org.testng.SuiteRunner.run(SuiteRunner.java:289)
	at org.testng.SuiteRunnerWorker.runSuite(SuiteRunnerWorker.java:52)
	at org.testng.SuiteRunnerWorker.run(SuiteRunnerWorker.java:86)
	at org.testng.TestNG.runSuitesSequentially(TestNG.java:1301)
	at org.testng.TestNG.runSuitesLocally(TestNG.java:1226)
	at org.testng.TestNG.runSuites(TestNG.java:1144)
	at org.testng.TestNG.run(TestNG.java:1115)
	at org.testng.remote.AbstractRemoteTestNG.run(AbstractRemoteTestNG.java:132)
	at org.testng.remote.RemoteTestNG.initAndRun(RemoteTestNG.java:230)
	at org.testng.remote.RemoteTestNG.main(RemoteTestNG.java:76)
]]>
            </full-stacktrace>
          </exception> <!-- java.lang.AssertionError -->
          <reporter-output>
          </reporter-output>
        </test-method> <!-- LoginToApp -->
        <test-method status="PASS" signature="screenshotOnFail(org.testng.ITestResult)[pri:0, instance:com.LTM.testcases.MyTestCase1@1d057a39]" name="screenshotOnFail" is-config="true" duration-ms="1974" started-at="2021-05-03T12:11:02Z" finished-at="2021-05-03T12:11:04Z">
          <params>
            <param index="0">
              <value>
                <![CDATA[[TestResult name=LoginToApp status=FAILURE method=MyTestCase1.LoginToApp()[pri:0, instance:com.LTM.testcases.MyTestCase1@1d057a39] output={null}]]]>
              </value>
            </param>
          </params>
          <reporter-output>
            <line>
              <![CDATA[Trying to capture screenshot on fail]]>
            </line>
            <line>
              <![CDATA[screenshot captured on fail]]>
            </line>
          </reporter-output>
        </test-method> <!-- screenshotOnFail -->
        <test-method status="PASS" signature="tearDown()[pri:0, instance:com.LTM.testcases.MyTestCase1@1d057a39]" name="tearDown" is-config="true" duration-ms="761" started-at="2021-05-03T12:11:04Z" finished-at="2021-05-03T12:11:04Z">
          <reporter-output>
          </reporter-output>
        </test-method> <!-- tearDown -->
      </class> <!-- com.LTM.testcases.MyTestCase1 -->
    </test> <!-- Default test -->
  </suite> <!-- Default suite -->
</testng-results>
