<?xml version="1.0" encoding="UTF-8"?>
<!-- Generated by org.testng.reporters.JUnitXMLReporter -->
<testsuite hostname="Satyen" ignored="0" name="Test" tests="1" failures="1" timestamp="16 Apr 2021 11:35:23 GMT" time="21.04" errors="0">
  <testcase name="LoginToApp" time="1.016" classname="com.LTM.testcases.MyTestCase1">
    <failure type="java.lang.AssertionError" message="expected [SSL-VPN Portal] but found [Proxy element for: DefaultElementLocator &amp;apos;By.xpath: //h1[contains(text(),&amp;apos;SSL-VPN Portal&amp;apos;)]&amp;apos;]">
      <![CDATA[java.lang.AssertionError: expected [SSL-VPN Portal] but found [Proxy element for: DefaultElementLocator 'By.xpath: //h1[contains(text(),'SSL-VPN Portal')]']
	at com.LTM.pages.LoginPage.loginToApp(LoginPage.java:46)
	at com.LTM.testcases.MyTestCase1.LoginToApp(MyTestCase1.java:24)
... Removed 30 stack frames]]>
    </failure>
  </testcase> <!-- LoginToApp -->
</testsuite> <!-- Test -->
