<?xml version="1.0" encoding="UTF-8"?>
<!-- Generated by org.testng.reporters.JUnitXMLReporter -->
<testsuite hostname="Satyen" ignored="0" name="Test" tests="1" failures="1" timestamp="09 May 2021 07:30:41 GMT" time="7.606" errors="0">
  <testcase name="@AfterMethod screenshotOnFail" time="0.323" classname="com.LTM.utility.BaseClass">
    <failure type="java.lang.NullPointerException">
      <![CDATA[java.lang.NullPointerException
	at com.LTM.utility.BaseClass.screenshotOnFail(BaseClass.java:73)
... Removed 27 stack frames]]>
    </failure>
  </testcase> <!-- @AfterMethod screenshotOnFail -->
  <testcase name="@AfterClass tearDown" time="0.0" classname="com.LTM.utility.BaseClass">
    <skipped/>
  </testcase> <!-- @AfterClass tearDown -->
  <testcase name="Login" time="0.01" classname="com.LTM.testcases.MyTestCase1">
    <failure type="java.lang.NullPointerException">
      <![CDATA[java.lang.NullPointerException
	at com.LTM.testcases.MyTestCase1.Login(MyTestCase1.java:17)
... Removed 25 stack frames]]>
    </failure>
  </testcase> <!-- Login -->
</testsuite> <!-- Test -->
